
**** Build of configuration Nios II for project backup ****

make all 
      0 [main] sh 4948 find_fast_cwd: WARNING: Couldn't compute FAST_CWD pointer.  Please report this problem to
the public mailing list cygwin@cygwin.com
      0 [main] sh 12044 find_fast_cwd: WARNING: Couldn't compute FAST_CWD pointer.  Please report this problem to
the public mailing list cygwin@cygwin.com
      0 [main] echo 8104 find_fast_cwd: WARNING: Couldn't compute FAST_CWD pointer.  Please report this problem to
Info: Building ../backup_bsp/
the public mailing list cygwin@cygwin.com
make --no-print-directory -C ../backup_bsp/
      0 [main] pwd 7408 find_fast_cwd: WARNING: Couldn't compute FAST_CWD pointer.  Please report this problem to
the public mailing list cygwin@cygwin.com
      0 [main] sh 6648 find_fast_cwd: WARNING: Couldn't compute FAST_CWD pointer.  Please report this problem to
the public mailing list cygwin@cygwin.com
      0 [main] sh 10224 find_fast_cwd: WARNING: Couldn't compute FAST_CWD pointer.  Please report this problem to
the public mailing list cygwin@cygwin.com
[BSP build complete]
      0 [main] echo 2976 find_fast_cwd: WARNING: Couldn't compute FAST_CWD pointer.  Please report this problem to
Info: Compiling src/main.c to obj/default/src/main.o
the public mailing list cygwin@cygwin.com
      0 [main] mkdir 11496 find_fast_cwd: WARNING: Couldn't compute FAST_CWD pointer.  Please report this problem to
nios2-elf-gcc -xc -MP -MMD -c -I../backup_bsp//HAL/inc -I../backup_bsp/ -I../backup_bsp//drivers/inc  -DSYSTEM_BUS_WIDTH=32 -pipe -D__hal__ -DALT_NO_C_PLUS_PLUS -DALT_NO_INSTRUCTION_EMULATION -DALT_SINGLE_THREADED    -O0 -g -Wall   -mno-hw-div -mhw-mul -mno-hw-mulx  -o obj/default/src/main.o src/main.c
the public mailing list cygwin@cygwin.com
src/main.c: In function 'main':
src/main.c:43:6: warning: unused variable 'i' [-Wunused-variable]
      0 [main] echo 1448 find_fast_cwd: WARNING: Couldn't compute FAST_CWD pointer.  Please report this problem to
Info: Compiling src/play.c to obj/default/src/play.o
the public mailing list cygwin@cygwin.com
      0 [main] mkdir 11976 find_fast_cwd: WARNING: Couldn't compute FAST_CWD pointer.  Please report this problem to
nios2-elf-gcc -xc -MP -MMD -c -I../backup_bsp//HAL/inc -I../backup_bsp/ -I../backup_bsp//drivers/inc  -DSYSTEM_BUS_WIDTH=32 -pipe -D__hal__ -DALT_NO_C_PLUS_PLUS -DALT_NO_INSTRUCTION_EMULATION -DALT_SINGLE_THREADED    -O0 -g -Wall   -mno-hw-div -mhw-mul -mno-hw-mulx  -o obj/default/src/play.o src/play.c
the public mailing list cygwin@cygwin.com
      0 [main] true 8028 find_fast_cwd: WARNING: Couldn't compute FAST_CWD pointer.  Please report this problem to
the public mailing list cygwin@cygwin.com
      0 [main] echo 6340 find_fast_cwd: WARNING: Couldn't compute FAST_CWD pointer.  Please report this problem to
Info: Linking backup.elf
the public mailing list cygwin@cygwin.com
nios2-elf-g++  -T'../backup_bsp//linker.x' -msys-crt0='../backup_bsp//obj/HAL/src/crt0.o' -msys-lib=hal_bsp -L../backup_bsp/   -Wl,-Map=backup.map   -O0 -g -Wall   -mno-hw-div -mhw-mul -mno-hw-mulx  -o backup.elf obj/default/src/SRAMIO.o obj/default/src/hangman.o obj/default/src/landlord.o obj/default/src/main.o obj/default/src/patternDetection.o obj/default/src/play.o obj/default/src/playControl.o obj/default/src/playerControl.o obj/default/src/rand.o obj/default/src/shuffle.o -lm 
      0 [main] sh 8648 find_fast_cwd: WARNING: Couldn't compute FAST_CWD pointer.  Please report this problem to
nios2-elf-insert backup.elf --thread_model hal --cpu_name nios2_processor --qsys true --simulation_enabled false --stderr_dev jtag_uart --stdin_dev jtag_uart --stdout_dev jtag_uart --sopc_system_name niosmp --quartus_project_dir "C:/suix/AsynComms" --sopcinfo C:/suix/AsynComms/software/backup_bsp/../../niosmp.sopcinfo
the public mailing list cygwin@cygwin.com
      0 [main] uname 7496 find_fast_cwd: WARNING: Couldn't compute FAST_CWD pointer.  Please report this problem to
the public mailing list cygwin@cygwin.com
      0 [main] sh 7704 find_fast_cwd: WARNING: Couldn't compute FAST_CWD pointer.  Please report this problem to
the public mailing list cygwin@cygwin.com
Info: (backup.elf) 96 KBytes program size (code + initialized data).
Info:              97 KBytes free for stack + heap.
      0 [main] echo 10228 find_fast_cwd: WARNING: Couldn't compute FAST_CWD pointer.  Please report this problem to
Info: Creating backup.objdump
the public mailing list cygwin@cygwin.com
nios2-elf-objdump --disassemble --syms --all-header --source backup.elf >backup.objdump
      0 [main] sh 8132 find_fast_cwd: WARNING: Couldn't compute FAST_CWD pointer.  Please report this problem to
the public mailing list cygwin@cygwin.com
      0 [main] sh 3252 find_fast_cwd: WARNING: Couldn't compute FAST_CWD pointer.  Please report this problem to
the public mailing list cygwin@cygwin.com
[backup build complete]

**** Build Finished ****
